{"C:\\MyWorkSpace\\web-study\\example-jest\\src\\filterByTerm.js": {"path":"C:\\MyWorkSpace\\web-study\\example-jest\\src\\filterByTerm.js","statementMap":{"0":{"start":{"line":2,"column":18},"end":{"line":2,"column":45}},"1":{"start":{"line":3,"column":4},"end":{"line":5,"column":6}},"2":{"start":{"line":4,"column":8},"end":{"line":4,"column":44}},"3":{"start":{"line":8,"column":0},"end":{"line":8,"column":29}}},"fnMap":{"0":{"name":"filterByTerm","decl":{"start":{"line":1,"column":9},"end":{"line":1,"column":21}},"loc":{"start":{"line":1,"column":44},"end":{"line":6,"column":1}},"line":1},"1":{"name":"(anonymous_1)","decl":{"start":{"line":3,"column":27},"end":{"line":3,"column":28}},"loc":{"start":{"line":3,"column":43},"end":{"line":5,"column":5}},"line":3}},"branchMap":{},"s":{"0":2,"1":2,"2":6,"3":1},"f":{"0":2,"1":6},"b":{},"_coverageSchema":"1a1c01bbd47fc00a2c39e90264f33305004495a9","hash":"074df01c4d99e5bcdadf0bf29cb850be617d5fcd"}
}
